Wed, 07 Dec 2022 09:39:20 GMT --> GET /api/user/email/alon.apel@gmail.com 200 101.511 ms
Wed, 07 Dec 2022 09:39:57 GMT --> GET /api/user/id/6387c7d497c44f69541a3da9 200 84.058 ms
Wed, 07 Dec 2022 11:37:17 GMT --> POST /api/vacation 404 2.401 ms
Wed, 07 Dec 2022 11:39:25 GMT --> POST /api/vacation 404 2.638 ms
Wed, 07 Dec 2022 11:43:13 GMT --> POST /api/auth/login 200 390.749 ms
Wed, 07 Dec 2022 11:47:02 GMT --> GET /api/user/list 200 103.941 ms
Wed, 07 Dec 2022 11:47:25 GMT --> POST /api/vacation 200 147.905 ms
Wed, 07 Dec 2022 11:47:53 GMT --> POST /api/vacation 400 219.853 ms
Wed, 07 Dec 2022 11:52:00 GMT --> POST /api/vacation 400 212.273 ms
Wed, 07 Dec 2022 11:54:45 GMT --> POST /api/vacation 400 197.750 ms
Wed, 07 Dec 2022 11:55:47 GMT --> POST /api/vacation 400 292.231 ms
Wed, 07 Dec 2022 11:59:20 GMT --> POST /api/vacation 400 199.828 ms
Wed, 07 Dec 2022 12:03:59 GMT --> POST /api/vacation 400 410.793 ms
Wed, 07 Dec 2022 12:04:50 GMT --> POST /api/vacation 400 392.995 ms
Wed, 07 Dec 2022 12:06:11 GMT --> POST /api/vacation 400 217.914 ms
Wed, 07 Dec 2022 12:07:31 GMT --> POST /api/vacation 400 186.278 ms
Wed, 07 Dec 2022 12:08:08 GMT --> POST /api/vacation 400 185.315 ms
Wed, 07 Dec 2022 12:08:23 GMT --> POST /api/vacation 400 176.290 ms
Wed, 07 Dec 2022 12:11:14 GMT --> POST /api/vacation 400 484.737 ms
Wed, 07 Dec 2022 12:11:30 GMT --> POST /api/vacation 400 1204.500 ms
Wed, 07 Dec 2022 12:13:20 GMT --> POST /api/vacation 400 256.338 ms
Wed, 07 Dec 2022 12:14:04 GMT --> POST /api/vacation 400 713.370 ms
Wed, 07 Dec 2022 12:14:51 GMT --> POST /api/vacation 400 204.090 ms
Wed, 07 Dec 2022 12:18:25 GMT --> POST /api/vacation 400 259.531 ms
Wed, 07 Dec 2022 12:23:00 GMT --> POST /api/vacation 400 270.399 ms
Wed, 07 Dec 2022 12:46:53 GMT --> POST /api/vacation 400 341.359 ms
Wed, 07 Dec 2022 12:51:50 GMT --> POST /api/vacation 400 211.523 ms
Wed, 07 Dec 2022 12:52:20 GMT --> POST /api/vacation 400 187.827 ms
Wed, 07 Dec 2022 13:08:59 GMT --> POST /api/vacation 400 187.630 ms
Wed, 07 Dec 2022 14:24:50 GMT --> GET / 304 4.953 ms
Wed, 07 Dec 2022 14:24:50 GMT --> GET /loginPage/loginStyle.css 304 1.295 ms
Wed, 07 Dec 2022 14:24:50 GMT --> GET /loginPage/loginScript.js 304 1.379 ms
Wed, 07 Dec 2022 14:24:57 GMT --> POST /api/auth/login 200 411.505 ms
Wed, 07 Dec 2022 14:24:57 GMT --> GET /public/dashboard 200 4.483 ms
Wed, 07 Dec 2022 14:24:57 GMT --> GET /public/employeeDash.style.css 404 2.448 ms
Wed, 07 Dec 2022 14:26:44 GMT --> GET /public/dashboard 200 1.757 ms
Wed, 07 Dec 2022 14:26:44 GMT --> GET /public/dashboard/manager/managerDash.style.css 404 1.001 ms
Wed, 07 Dec 2022 14:31:30 GMT --> GET /public/dashboard 200 1.514 ms
Wed, 07 Dec 2022 14:31:30 GMT --> GET /public/dashboard/manager/managerDash.style.css 404 0.773 ms
Wed, 07 Dec 2022 16:25:18 GMT --> GET /public/dashboard 302 4.558 ms
Wed, 07 Dec 2022 16:25:18 GMT --> GET / 304 2.861 ms
Wed, 07 Dec 2022 16:25:18 GMT --> GET /loginPage/loginStyle.css 304 1.302 ms
Wed, 07 Dec 2022 16:25:18 GMT --> GET /loginPage/loginScript.js 304 1.283 ms
Wed, 07 Dec 2022 16:25:24 GMT --> POST /api/auth/login 200 434.238 ms
Wed, 07 Dec 2022 16:25:24 GMT --> GET /public/dashboard 200 3.235 ms
Wed, 07 Dec 2022 16:25:24 GMT --> GET /public/dashboard/manager/managerDash.style.css 404 1.758 ms
Wed, 07 Dec 2022 16:52:39 GMT --> GET /api/vacation/638e3d4b2cb70f4f55932b5f 200 107.737 ms
Wed, 07 Dec 2022 17:06:58 GMT --> GET /public/dashboard/manager/managerDash.style.css 404 6.949 ms
Wed, 07 Dec 2022 19:01:45 GMT --> GET /api/user/list 200 114.572 ms
Wed, 07 Dec 2022 19:09:03 GMT --> POST /api/vacation 200 721.043 ms
Wed, 07 Dec 2022 19:13:32 GMT --> GET /api/vacation/6390e343290a1cb1d0f4177c 404 6.477 ms
Wed, 07 Dec 2022 19:15:40 GMT --> GET /api/vacation/6390e343290a1cb1d0f4177c 404 4.237 ms
Wed, 07 Dec 2022 19:16:45 GMT --> GET /api/vacation/6390e343290a1cb1d0f4177c - - ms
Wed, 07 Dec 2022 19:19:30 GMT --> GET /api/vacation/6390e343290a1cb1d0f4177c - - ms
Wed, 07 Dec 2022 19:20:03 GMT --> GET /api/vacation/6390e343290a1cb1d0f4177c 200 92.661 ms
Wed, 07 Dec 2022 19:22:58 GMT --> GET /api/vacation/6390e343290a1cb1d0f4177c 200 94.509 ms
Wed, 07 Dec 2022 19:24:15 GMT --> GET /api/vacation/6390e343290a1cb1d0f4177c - - ms
Wed, 07 Dec 2022 19:25:18 GMT --> GET /api/vacation/6390e343290a1cb1d0f4177c - - ms
Wed, 07 Dec 2022 19:25:52 GMT --> GET /api/vacation/6390e343290a1cb1d0f4177c - - ms
Wed, 07 Dec 2022 19:26:52 GMT --> GET /api/vacation/6390e343290a1cb1d0f4177c - - ms
Wed, 07 Dec 2022 19:27:08 GMT --> GET /api/vacation/6390e3beb439d09994d89557 - - ms
Wed, 07 Dec 2022 19:27:58 GMT --> GET /api/vacation/6390e3beb439d09994d89557 - - ms
Wed, 07 Dec 2022 19:28:30 GMT --> GET /api/vacation/6390e3beb439d09994d89557 - - ms
Wed, 07 Dec 2022 19:30:55 GMT --> GET /api/vacation/6390e3beb439d09994d89557 - - ms
Wed, 07 Dec 2022 19:31:44 GMT --> GET /api/vacation/6390e3beb439d09994d89557 - - ms
Wed, 07 Dec 2022 19:33:08 GMT --> GET /api/vacation/6390e3beb439d09994d89557 - - ms
Wed, 07 Dec 2022 19:33:17 GMT --> GET /api/vacation/6390e3beb439d09994d89557 - - ms
Wed, 07 Dec 2022 19:36:42 GMT --> GET /api/vacation/6390e3beb439d09994d89557 400 331.802 ms
Wed, 07 Dec 2022 19:37:48 GMT --> GET /api/vacation/6390e3beb439d09994d89557 400 105.492 ms
Wed, 07 Dec 2022 19:38:23 GMT --> GET /api/vacation/6390e3beb439d09994d89557 400 101.950 ms
Wed, 07 Dec 2022 19:38:56 GMT --> GET /api/vacation/6390e3beb439d09994d89557 400 95.403 ms
Wed, 07 Dec 2022 19:40:28 GMT --> GET /api/vacation/6390e3beb439d09994d89557 200 92.467 ms
Wed, 07 Dec 2022 19:42:54 GMT --> GET /api/vacation/638e3eae2cb70f4f55932b62 200 169.144 ms
Wed, 07 Dec 2022 19:43:48 GMT --> GET /api/vacation/6390e45587434324fa2eb93b 200 99.366 ms
Wed, 07 Dec 2022 19:44:42 GMT --> GET /api/vacation/employee/6387c7d497c44f69541a3da9 200 292.003 ms
Wed, 07 Dec 2022 19:45:11 GMT --> GET /api/vacation/6390e45587434324fa2eb93b 200 158.051 ms
Wed, 07 Dec 2022 19:57:19 GMT --> PUT /api/vacation/638e3eae2cb70f4f55932b62 200 146.205 ms
Wed, 07 Dec 2022 19:57:52 GMT --> PUT /api/vacation/638e3edf2cb70f4f55932b65 200 898.751 ms
Wed, 07 Dec 2022 20:49:24 GMT --> POST /api/vacation 200 885.729 ms
Thu, 08 Dec 2022 09:02:58 GMT --> POST /api/vacation 500 860.096 ms
Thu, 08 Dec 2022 09:03:30 GMT --> POST /api/vacation 500 679.318 ms
Thu, 08 Dec 2022 09:04:32 GMT --> POST /api/vacation 500 647.292 ms
Thu, 08 Dec 2022 09:05:51 GMT --> POST /api/vacation 500 2045.203 ms
Thu, 08 Dec 2022 09:07:34 GMT --> POST /api/vacation 500 189.484 ms
Thu, 08 Dec 2022 09:08:05 GMT --> POST /api/vacation 500 574.806 ms
Thu, 08 Dec 2022 09:09:09 GMT --> POST /api/vacation 500 598.897 ms
Thu, 08 Dec 2022 09:11:03 GMT --> POST /api/vacation 500 793.743 ms
Thu, 08 Dec 2022 09:12:25 GMT --> POST /api/vacation 500 763.606 ms
Thu, 08 Dec 2022 09:13:40 GMT --> POST /api/vacation 500 273.191 ms
Thu, 08 Dec 2022 09:14:30 GMT --> POST /api/vacation 400 115.387 ms
Thu, 08 Dec 2022 09:15:17 GMT --> POST /api/vacation 500 184.434 ms
Thu, 08 Dec 2022 09:15:38 GMT --> POST /api/vacation 400 123.727 ms
Thu, 08 Dec 2022 09:16:11 GMT --> POST /api/vacation 500 650.328 ms
Thu, 08 Dec 2022 09:18:02 GMT --> POST /api/vacation 400 106.456 ms
Thu, 08 Dec 2022 09:18:46 GMT --> POST /api/vacation 500 590.703 ms
Thu, 08 Dec 2022 09:18:52 GMT --> POST /api/vacation 500 511.627 ms
Thu, 08 Dec 2022 09:20:08 GMT --> GET /api/vacation/6387c7d497c44f69541a3da9 404 85.266 ms
Thu, 08 Dec 2022 09:24:01 GMT --> POST /api/vacation 500 2840.728 ms
Thu, 08 Dec 2022 09:24:59 GMT --> POST /api/vacation 500 1359.281 ms
Thu, 08 Dec 2022 09:42:57 GMT --> GET / 304 9.087 ms
Thu, 08 Dec 2022 09:42:57 GMT --> GET /loginPage/loginStyle.css 304 2.634 ms
Thu, 08 Dec 2022 09:42:57 GMT --> GET /loginPage/loginScript.js 304 1.081 ms
Thu, 08 Dec 2022 09:42:57 GMT --> GET /favicon.ico 404 3.148 ms
Thu, 08 Dec 2022 09:43:04 GMT --> POST /api/auth/login 200 454.396 ms
Thu, 08 Dec 2022 09:43:04 GMT --> GET /public/dashboard 200 5.294 ms
Thu, 08 Dec 2022 09:43:04 GMT --> GET /public/dashboard/manager/managerDash.style.css 404 1.575 ms
Thu, 08 Dec 2022 09:43:04 GMT --> GET /public/dashboard/managerDash.script.js 404 1.353 ms
Thu, 08 Dec 2022 09:47:12 GMT --> POST /api/vacation 500 709.881 ms
Thu, 08 Dec 2022 09:59:47 GMT --> POST /api/vacation 400 22.952 ms
Thu, 08 Dec 2022 10:00:46 GMT --> POST /api/vacation 500 894.818 ms
Thu, 08 Dec 2022 10:15:36 GMT --> POST /api/vacation 500 775.236 ms
Thu, 08 Dec 2022 10:17:50 GMT --> POST /api/vacation 400 552.664 ms
Thu, 08 Dec 2022 10:18:31 GMT --> POST /api/vacation 400 555.525 ms
Thu, 08 Dec 2022 10:19:18 GMT --> POST /api/vacation 400 566.321 ms
Thu, 08 Dec 2022 10:19:38 GMT --> POST /api/vacation 500 579.475 ms
Thu, 08 Dec 2022 10:21:05 GMT --> POST /api/vacation 200 672.050 ms
Thu, 08 Dec 2022 10:21:31 GMT --> GET /api/user/list 200 82.673 ms
Thu, 08 Dec 2022 10:45:14 GMT --> POST /api/vacation 200 672.489 ms
Thu, 08 Dec 2022 10:47:55 GMT --> POST /api/vacation 200 888.905 ms
Thu, 08 Dec 2022 10:48:32 GMT --> POST /api/vacation 500 251.991 ms
Thu, 08 Dec 2022 10:49:04 GMT --> POST /api/vacation 404 1509.260 ms
Thu, 08 Dec 2022 10:49:21 GMT --> POST /api/vacation 404 233.305 ms
Thu, 08 Dec 2022 10:50:35 GMT --> POST /api/vacation 404 261.960 ms
Thu, 08 Dec 2022 10:50:56 GMT --> GET /api/user/list 200 103.820 ms
Thu, 08 Dec 2022 10:53:30 GMT --> POST /api/vacation 200 613.794 ms
Thu, 08 Dec 2022 10:54:01 GMT --> POST /api/vacation 404 172.209 ms
Thu, 08 Dec 2022 10:54:59 GMT --> POST /api/vacation 400 89.676 ms
Thu, 08 Dec 2022 10:55:41 GMT --> POST /api/vacation 400 125.097 ms
Thu, 08 Dec 2022 10:56:14 GMT --> GET /api/user/list 200 354.193 ms
Thu, 08 Dec 2022 10:56:38 GMT --> GET /api/vacation/6387c7d497c44f69541a3da9 404 136.570 ms
Thu, 08 Dec 2022 10:58:13 GMT --> GET /api/vacation/6387c7d497c44f69541a3da9 404 536.219 ms
Thu, 08 Dec 2022 10:59:52 GMT --> GET /api/vacation/employee/6387c7d497c44f69541a3da9 200 191.438 ms
Thu, 08 Dec 2022 11:00:27 GMT --> GET /api/vacation/employee/6387c7d497c44f69541a3 200 199.477 ms
Thu, 08 Dec 2022 11:02:54 GMT --> GET /api/vacation/employee/6387c7d497c44f69541a3 400 4.235 ms
Thu, 08 Dec 2022 11:03:10 GMT --> GET /api/vacation/employee/:employee_id 400 2.469 ms
Thu, 08 Dec 2022 11:03:30 GMT --> GET /api/vacation/employee/:employee_id 400 0.905 ms
Thu, 08 Dec 2022 11:05:07 GMT --> PUT /api/vacation/6391c22a991798ea45ca9b9c 200 527.949 ms
Thu, 08 Dec 2022 11:06:28 GMT --> POST /api/vacation 200 623.798 ms
Thu, 08 Dec 2022 11:07:17 GMT --> PUT /api/vacation/6391c53493223992327efec3 500 167.282 ms
Thu, 08 Dec 2022 11:09:12 GMT --> POST /api/vacation 200 531.529 ms
Thu, 08 Dec 2022 11:10:02 GMT --> PUT /api/vacation/6391c5d85001ec82426de9ff 400 167.395 ms
Thu, 08 Dec 2022 11:14:17 GMT --> POST /api/vacation 200 613.577 ms
Thu, 08 Dec 2022 11:15:06 GMT --> PUT /api/vacation/6391c70983d8a6c50053496f 400 895.949 ms
Thu, 08 Dec 2022 15:25:18 GMT --> POST /api/vacation 200 1198.472 ms
Thu, 08 Dec 2022 15:25:45 GMT --> PUT /api/vacation/639201de4d8c35b11fde00b5 500 316.516 ms
Thu, 08 Dec 2022 15:26:50 GMT --> POST /api/vacation 200 1096.669 ms
Thu, 08 Dec 2022 15:28:02 GMT --> PUT /api/vacation/639201de4d8c35b11fde00b5 400 159.095 ms
Thu, 08 Dec 2022 15:28:24 GMT --> POST /api/vacation 404 280.565 ms
Thu, 08 Dec 2022 15:29:05 GMT --> PUT /api/vacation/6392023a670fce47e92ab35c 500 528.557 ms
Thu, 08 Dec 2022 15:29:54 GMT --> POST /api/vacation 200 1506.983 ms
Thu, 08 Dec 2022 15:30:34 GMT --> PUT /api/vacation/639202f2cde3dda3fd362d65 500 243.052 ms
Thu, 08 Dec 2022 15:37:29 GMT --> POST /api/vacation 200 1967.288 ms
Thu, 08 Dec 2022 15:38:05 GMT --> PUT /api/vacation/639204b97cd4195177f9040b 500 345.505 ms
Thu, 08 Dec 2022 15:38:39 GMT --> POST /api/vacation 200 920.673 ms
Thu, 08 Dec 2022 15:39:06 GMT --> PUT /api/vacation/639204ffa2709f8dc0b16df8 500 367.574 ms
Thu, 08 Dec 2022 15:39:49 GMT --> POST /api/vacation 200 738.239 ms
Thu, 08 Dec 2022 15:40:08 GMT --> PUT /api/vacation/6392054525055ada35a2b44a 500 261.676 ms
Thu, 08 Dec 2022 15:40:59 GMT --> POST /api/vacation 200 902.999 ms
Thu, 08 Dec 2022 15:41:26 GMT --> PUT /api/vacation/6392058b57f5ef5a590d6c52 400 254.685 ms
Thu, 08 Dec 2022 15:43:06 GMT --> POST /api/vacation 200 990.560 ms
Thu, 08 Dec 2022 15:43:23 GMT --> PUT /api/vacation/6392060a02b4dcfb271e4f29 400 265.020 ms
Thu, 08 Dec 2022 15:45:18 GMT --> POST /api/vacation 200 1156.430 ms
Thu, 08 Dec 2022 15:45:53 GMT --> PUT /api/vacation/6392068e70599cb7b7d236c3 400 1033.200 ms
Thu, 08 Dec 2022 15:49:01 GMT --> POST /api/vacation 404 433.475 ms
Thu, 08 Dec 2022 15:49:41 GMT --> POST /api/vacation 200 1154.290 ms
Thu, 08 Dec 2022 15:50:14 GMT --> PUT /api/vacation/639207955e1b8ba2146ab818 200 481.080 ms
Thu, 08 Dec 2022 15:51:38 GMT --> PUT /api/vacation/639207955e1b8ba2146ab818 400 115.205 ms
Thu, 08 Dec 2022 15:52:00 GMT --> PUT /api/vacation/:id 500 9.405 ms
Thu, 08 Dec 2022 15:56:19 GMT --> POST /api/vacation 200 1086.103 ms
Thu, 08 Dec 2022 15:58:12 GMT --> GET /api/vacation/employee/638fb988ff01900c6cfe7f43 200 879.380 ms
Thu, 08 Dec 2022 15:59:02 GMT --> GET /api/user/list 200 237.125 ms
Thu, 08 Dec 2022 15:59:16 GMT --> GET /api/user/email/alon.apel@gmail.com 200 129.801 ms
Thu, 08 Dec 2022 15:59:26 GMT --> PUT /api/user/update/6387c7d497c44f69541a3 404 4.061 ms
Thu, 08 Dec 2022 15:59:41 GMT --> PUT /api/user/update/6387c7d497c44f69541a3da9 201 1529.324 ms
Thu, 08 Dec 2022 16:00:24 GMT --> GET /api/user/id/6387c7d497c44f69541a3da9 200 185.686 ms
Thu, 08 Dec 2022 16:27:57 GMT --> GET / 304 7.491 ms
Thu, 08 Dec 2022 16:27:57 GMT --> GET /loginPage/loginStyle.css 304 1.573 ms
Thu, 08 Dec 2022 16:27:57 GMT --> GET /loginPage/loginScript.js 304 0.662 ms
Thu, 08 Dec 2022 16:27:57 GMT --> GET /favicon.ico 404 2.321 ms
Thu, 08 Dec 2022 16:28:02 GMT --> GET /loginPage/loginStyle.css 304 1.345 ms
Thu, 08 Dec 2022 16:28:28 GMT --> POST /api/auth/login 200 1114.848 ms
Thu, 08 Dec 2022 16:28:28 GMT --> GET /public/dashboard 304 4.327 ms
Thu, 08 Dec 2022 16:28:28 GMT --> GET /public/dashboard/manager/managerDash.style.css 404 2.518 ms
Thu, 08 Dec 2022 16:28:28 GMT --> GET /public/dashboard/managerDash.script.js 404 2.452 ms
Thu, 08 Dec 2022 16:28:36 GMT --> GET / 304 1.950 ms
Thu, 08 Dec 2022 16:28:36 GMT --> GET /loginPage/loginStyle.css 304 2.771 ms
Thu, 08 Dec 2022 16:28:36 GMT --> GET /loginPage/loginScript.js 304 2.506 ms
Thu, 08 Dec 2022 16:28:46 GMT --> POST /api/auth/login 200 930.822 ms
Thu, 08 Dec 2022 16:28:46 GMT --> GET /public/dashboard 200 25.300 ms
Thu, 08 Dec 2022 16:28:46 GMT --> GET /dashboard/employee/employeeDash.style.css 304 1.956 ms
Thu, 08 Dec 2022 16:28:46 GMT --> GET /dashboard/employee/employeeDash.script.js 304 2.558 ms
Thu, 08 Dec 2022 16:28:50 GMT --> GET /api/auth/logout 200 1.604 ms
Thu, 08 Dec 2022 16:28:50 GMT --> GET /index.html 304 2.066 ms
Thu, 08 Dec 2022 16:28:50 GMT --> GET /loginPage/loginStyle.css 304 1.438 ms
Thu, 08 Dec 2022 16:28:50 GMT --> GET /loginPage/loginScript.js 304 4.029 ms
Thu, 08 Dec 2022 16:28:59 GMT --> GET /public/dashboard 302 5.433 ms
Thu, 08 Dec 2022 16:28:59 GMT --> GET / 304 1.538 ms
Thu, 08 Dec 2022 16:28:59 GMT --> GET /loginPage/loginStyle.css 304 1.277 ms
Thu, 08 Dec 2022 16:28:59 GMT --> GET /loginPage/loginScript.js 304 0.790 ms
